[2013-01-24 10:59:00,025] WARN main - User TIME's access is denied.
[2013-01-25 11:07:52,952] WARN main - User TIME's access is denied.
[2013-01-25 15:05:28,858] WARN main - User TIME's access is denied.
[2013-01-25 15:07:02,413] WARN main - User TIME's access is denied.
[2013-01-25 15:08:07,107] WARN main - User TIME's access is denied.
[2013-01-25 15:08:31,871] WARN main - User TIME's access is denied.
[2013-01-25 15:44:28,314] WARN main - User TIME's access is denied.
[2013-01-25 15:46:21,878] WARN main - User TIME's access is denied.
[2013-01-25 16:54:43,367] WARN main - User TIME's access is denied.
[2013-01-24 17:02:06,445] WARN main - User TIME's access is denied.
[2013-01-24 17:16:04,360] WARN main - User TIME's access is denied.
[2013-01-24 17:19:02,239] WARN main - User TIME's access is denied.
[2013-01-24 17:40:31,869] WARN main - User s's access is denied.
[2013-01-24 17:40:40,407] WARN main - User s's access is denied.
[2013-01-24 17:46:18,182] WARN main - User seatch's access is denied.
[2013-01-25 09:25:08,732] WARN main - User seatech's access is denied.
[2013-01-25 13:38:49,557] WARN main - User seatech's access is denied.
[2013-01-25 13:39:59,959] WARN main - User seatech's access is denied.
[2013-01-25 13:40:45,655] WARN main - User seatech's access is denied.
[2013-01-25 13:41:48,491] WARN main - User seatech's access is denied.
[2013-01-25 13:41:59,092] WARN main - User seatech's access is denied.
[2013-01-25 13:45:05,253] WARN main - User seatech's access is denied.
[2013-01-25 13:45:54,622] WARN main - User seatech's access is denied.
[2013-01-25 13:46:02,308] WARN main - User seatech's access is denied.
[2013-01-25 13:49:43,773] WARN main - User seatech's access is denied.
[2013-01-25 13:55:46,016] WARN main - User seatech's access is denied.
[2013-01-25 13:56:46,601] WARN main - User seatech's access is denied.
[2013-01-25 13:56:53,970] WARN main - User seatech's access is denied.
[2013-01-25 14:54:49,415] WARN main - User seatech's access is denied.
[2013-01-25 14:54:51,445] WARN main - User seatech's access is denied.
[2013-01-25 14:54:53,468] WARN main - User seatech's access is denied.
[2013-01-25 15:19:30,378] WARN main - User seatech's access is denied.
[2013-01-25 15:19:32,405] WARN main - User seatech's access is denied.
[2013-01-25 15:19:34,433] WARN main - User seatech's access is denied.
[2013-01-25 15:28:06,373] WARN main - User seatech's access is denied.
[2013-01-25 15:28:08,399] WARN main - User seatech's access is denied.
[2013-01-25 15:28:10,423] WARN main - User seatech's access is denied.
[2013-01-25 16:37:14,517] WARN main - User seatech's access is denied.
[2013-01-25 16:37:16,546] WARN main - User seatech's access is denied.
[2013-01-25 16:37:18,574] WARN main - User seatech's access is denied.
[2013-01-25 17:12:03,531] WARN main - User seatech's access is denied.
[2013-01-25 17:12:05,552] WARN main - User seatech's access is denied.
[2013-01-25 17:12:07,594] WARN main - User seatech's access is denied.
[2013-01-26 10:04:25,774] WARN main - User customers's New Pin Rejected
[2013-01-26 10:04:27,814] WARN main - User customers's access is denied.
[2013-01-26 10:04:29,840] WARN main - User customers's access is denied.
[2013-01-26 10:12:04,372] WARN main - User abc123's New Pin Rejected
[2013-01-26 10:12:06,397] WARN main - User abc123's access is denied.
[2013-01-26 10:12:08,429] WARN main - User abc123's access is denied.
[2013-01-26 10:14:07,710] WARN main - User abc123's New Pin Rejected
[2013-01-26 10:19:29,451] WARN main - User abc123's access is denied.
[2013-01-26 10:19:31,475] WARN main - User abc123's access is denied.
[2013-01-26 10:19:33,499] WARN main - User abc123's access is denied.
